This file contains any messages produced by compilers while
running configure, to aid debugging if configure makes a mistake.

It was created by nali-c configure 0.9.3, which was
generated by GNU Autoconf 2.69.  Invocation command line was

  $ ./configure 

## --------- ##
## Platform. ##
## --------- ##

hostname = elcapitan
uname -m = x86_64
uname -r = 15.2.0
uname -s = Darwin
uname -v = Darwin Kernel Version 15.2.0: Fri Nov 13 19:56:56 PST 2015; root:xnu-3248.20.55~2/RELEASE_X86_64

/usr/bin/uname -p = i386
/bin/uname -X     = unknown

/bin/arch              = unknown
/usr/bin/arch -k       = unknown
/usr/convex/getsysinfo = unknown
/usr/bin/hostinfo      = Mach kernel version:
	 Darwin Kernel Version 15.2.0: Fri Nov 13 19:56:56 PST 2015; root:xnu-3248.20.55~2/RELEASE_X86_64
Kernel configured for up to 4 processors.
2 processors are physically available.
4 processors are logically available.
Processor type: i486 (Intel 80486)
Processors active: 0 1 2 3
Primary memory available: 8.00 gigabytes
Default processor set: 296 tasks, 1700 threads, 4 processors
Load average: 5.14, Mach factor: 2.00
/bin/machine           = unknown
/usr/bin/oslevel       = unknown
/bin/universe          = unknown

PATH: /usr/local/sbin
PATH: /usr/local/Cellar/perl/5.22.0/bin
PATH: /usr/local/Cellar/gnu-getopt/1.1.6/bin
PATH: /usr/local/opt/coreutils/libexec/gnubin
PATH: /usr/local/bin
PATH: /usr/bin
PATH: /bin
PATH: /usr/sbin
PATH: /sbin
PATH: /opt/X11/bin
PATH: /Users/wenlong/Dropbox/run


## ----------- ##
## Core tests. ##
## ----------- ##

configure:2376: checking for a BSD-compatible install
configure:2444: result: /usr/local/opt/coreutils/libexec/gnubin/install -c
configure:2455: checking whether build environment is sane
configure:2510: result: yes
configure:2661: checking for a thread-safe mkdir -p
configure:2700: result: /usr/local/opt/coreutils/libexec/gnubin/mkdir -p
configure:2707: checking for gawk
configure:2723: found /usr/local/bin/gawk
configure:2734: result: gawk
configure:2745: checking whether make sets $(MAKE)
configure:2767: result: yes
configure:2796: checking whether make supports nested variables
configure:2813: result: yes
configure:2989: checking for gcc
configure:3005: found /usr/bin/gcc
configure:3016: result: gcc
configure:3245: checking for C compiler version
configure:3254: gcc --version >&5
Apple LLVM version 7.0.2 (clang-700.1.81)
Target: x86_64-apple-darwin15.2.0
Thread model: posix
Configured with: --prefix=/Applications/Xcode.app/Contents/Developer/usr --with-gxx-include-dir=/Applications/Xcode.app/Contents/Developer/Platforms/MacOSX.platform/Developer/SDKs/MacOSX10.11.sdk/usr/include/c++/4.2.1
configure:3265: $? = 0
configure:3254: gcc -v >&5
Configured with: --prefix=/Applications/Xcode.app/Contents/Developer/usr --with-gxx-include-dir=/Applications/Xcode.app/Contents/Developer/Platforms/MacOSX.platform/Developer/SDKs/MacOSX10.11.sdk/usr/include/c++/4.2.1
Apple LLVM version 7.0.2 (clang-700.1.81)
Target: x86_64-apple-darwin15.2.0
Thread model: posix
configure:3265: $? = 0
configure:3254: gcc -V >&5
clang: error: argument to '-V' is missing (expected 1 value)
clang: error: no input files
configure:3265: $? = 1
configure:3254: gcc -qversion >&5
clang: error: unknown argument: '-qversion'
clang: error: no input files
configure:3265: $? = 1
configure:3285: checking whether the C compiler works
configure:3307: gcc    conftest.c  >&5
configure:3311: $? = 0
configure:3359: result: yes
configure:3362: checking for C compiler default output file name
configure:3364: result: a.out
configure:3370: checking for suffix of executables
configure:3377: gcc -o conftest    conftest.c  >&5
configure:3381: $? = 0
configure:3403: result: 
configure:3425: checking whether we are cross compiling
configure:3433: gcc -o conftest    conftest.c  >&5
configure:3437: $? = 0
configure:3444: ./conftest
configure:3448: $? = 0
configure:3463: result: no
configure:3468: checking for suffix of object files
configure:3490: gcc -c   conftest.c >&5
configure:3494: $? = 0
configure:3515: result: o
configure:3519: checking whether we are using the GNU C compiler
configure:3538: gcc -c   conftest.c >&5
configure:3538: $? = 0
configure:3547: result: yes
configure:3556: checking whether gcc accepts -g
configure:3576: gcc -c -g  conftest.c >&5
configure:3576: $? = 0
configure:3617: result: yes
configure:3634: checking for gcc option to accept ISO C89
configure:3697: gcc  -c -g -O2  conftest.c >&5
configure:3697: $? = 0
configure:3710: result: none needed
configure:3735: checking whether gcc understands -c and -o together
configure:3757: gcc -c conftest.c -o conftest2.o
configure:3760: $? = 0
configure:3757: gcc -c conftest.c -o conftest2.o
configure:3760: $? = 0
configure:3772: result: yes
configure:3800: checking for style of include used by make
configure:3828: result: GNU
configure:3854: checking dependency style of gcc
configure:3965: result: gcc3
configure:3983: checking for iconv in -liconv
configure:4008: gcc -o conftest -g -O2   conftest.c -liconv   >&5
configure:4008: $? = 0
configure:4017: result: yes
configure:4035: checking how to run the C preprocessor
configure:4066: gcc -E  conftest.c
configure:4066: $? = 0
configure:4080: gcc -E  conftest.c
conftest.c:12:10: fatal error: 'ac_nonexistent.h' file not found
#include <ac_nonexistent.h>
         ^
1 error generated.
configure:4080: $? = 1
configure: failed program was:
| /* confdefs.h */
| #define PACKAGE_NAME "nali-c"
| #define PACKAGE_TARNAME "nali-c"
| #define PACKAGE_VERSION "0.9.3"
| #define PACKAGE_STRING "nali-c 0.9.3"
| #define PACKAGE_BUGREPORT "wenlong.1423@gmail.com"
| #define PACKAGE_URL ""
| #define PACKAGE "nali-c"
| #define VERSION "0.9.3"
| #define HAVE_LIBICONV 1
| /* end confdefs.h.  */
| #include <ac_nonexistent.h>
configure:4105: result: gcc -E
configure:4125: gcc -E  conftest.c
configure:4125: $? = 0
configure:4139: gcc -E  conftest.c
conftest.c:12:10: fatal error: 'ac_nonexistent.h' file not found
#include <ac_nonexistent.h>
         ^
1 error generated.
configure:4139: $? = 1
configure: failed program was:
| /* confdefs.h */
| #define PACKAGE_NAME "nali-c"
| #define PACKAGE_TARNAME "nali-c"
| #define PACKAGE_VERSION "0.9.3"
| #define PACKAGE_STRING "nali-c 0.9.3"
| #define PACKAGE_BUGREPORT "wenlong.1423@gmail.com"
| #define PACKAGE_URL ""
| #define PACKAGE "nali-c"
| #define VERSION "0.9.3"
| #define HAVE_LIBICONV 1
| /* end confdefs.h.  */
| #include <ac_nonexistent.h>
configure:4168: checking for grep that handles long lines and -e
configure:4226: result: /usr/local/bin/ggrep
configure:4231: checking for egrep
configure:4293: result: /usr/local/bin/ggrep -E
configure:4298: checking for ANSI C header files
configure:4318: gcc -c -g -O2  conftest.c >&5
configure:4318: $? = 0
configure:4391: gcc -o conftest -g -O2   conftest.c -liconv  >&5
configure:4391: $? = 0
configure:4391: ./conftest
configure:4391: $? = 0
configure:4402: result: yes
configure:4415: checking for sys/types.h
configure:4415: gcc -c -g -O2  conftest.c >&5
configure:4415: $? = 0
configure:4415: result: yes
configure:4415: checking for sys/stat.h
configure:4415: gcc -c -g -O2  conftest.c >&5
configure:4415: $? = 0
configure:4415: result: yes
configure:4415: checking for stdlib.h
configure:4415: gcc -c -g -O2  conftest.c >&5
configure:4415: $? = 0
configure:4415: result: yes
configure:4415: checking for string.h
configure:4415: gcc -c -g -O2  conftest.c >&5
configure:4415: $? = 0
configure:4415: result: yes
configure:4415: checking for memory.h
configure:4415: gcc -c -g -O2  conftest.c >&5
configure:4415: $? = 0
configure:4415: result: yes
configure:4415: checking for strings.h
configure:4415: gcc -c -g -O2  conftest.c >&5
configure:4415: $? = 0
configure:4415: result: yes
configure:4415: checking for inttypes.h
configure:4415: gcc -c -g -O2  conftest.c >&5
configure:4415: $? = 0
configure:4415: result: yes
configure:4415: checking for stdint.h
configure:4415: gcc -c -g -O2  conftest.c >&5
configure:4415: $? = 0
configure:4415: result: yes
configure:4415: checking for unistd.h
configure:4415: gcc -c -g -O2  conftest.c >&5
configure:4415: $? = 0
configure:4415: result: yes
configure:4430: checking for inttypes.h
configure:4430: result: yes
configure:4430: checking for stdlib.h
configure:4430: result: yes
configure:4430: checking for string.h
configure:4430: result: yes
configure:4430: checking for unistd.h
configure:4430: result: yes
configure:4442: checking for int8_t
configure:4442: gcc -c -g -O2  conftest.c >&5
configure:4442: $? = 0
configure:4442: gcc -c -g -O2  conftest.c >&5
conftest.c:63:24: error: 'test_array' declared as an array with a negative size
static int test_array [1 - 2 * !((int8_t) (((((int8_t) 1 << N) << N) - 1) * 2 + 1)
                       ^~~~~~~~~~~~~~~~~~~~~~~~~~~~~~~~~~~~~~~~~~~~~~~~~~~~~~~~~~~
1 error generated.
configure:4442: $? = 1
configure: failed program was:
| /* confdefs.h */
| #define PACKAGE_NAME "nali-c"
| #define PACKAGE_TARNAME "nali-c"
| #define PACKAGE_VERSION "0.9.3"
| #define PACKAGE_STRING "nali-c 0.9.3"
| #define PACKAGE_BUGREPORT "wenlong.1423@gmail.com"
| #define PACKAGE_URL ""
| #define PACKAGE "nali-c"
| #define VERSION "0.9.3"
| #define HAVE_LIBICONV 1
| #define STDC_HEADERS 1
| #define HAVE_SYS_TYPES_H 1
| #define HAVE_SYS_STAT_H 1
| #define HAVE_STDLIB_H 1
| #define HAVE_STRING_H 1
| #define HAVE_MEMORY_H 1
| #define HAVE_STRINGS_H 1
| #define HAVE_INTTYPES_H 1
| #define HAVE_STDINT_H 1
| #define HAVE_UNISTD_H 1
| #define HAVE_INTTYPES_H 1
| #define HAVE_STDLIB_H 1
| #define HAVE_STRING_H 1
| #define HAVE_UNISTD_H 1
| /* end confdefs.h.  */
| #include <stdio.h>
| #ifdef HAVE_SYS_TYPES_H
| # include <sys/types.h>
| #endif
| #ifdef HAVE_SYS_STAT_H
| # include <sys/stat.h>
| #endif
| #ifdef STDC_HEADERS
| # include <stdlib.h>
| # include <stddef.h>
| #else
| # ifdef HAVE_STDLIB_H
| #  include <stdlib.h>
| # endif
| #endif
| #ifdef HAVE_STRING_H
| # if !defined STDC_HEADERS && defined HAVE_MEMORY_H
| #  include <memory.h>
| # endif
| # include <string.h>
| #endif
| #ifdef HAVE_STRINGS_H
| # include <strings.h>
| #endif
| #ifdef HAVE_INTTYPES_H
| # include <inttypes.h>
| #endif
| #ifdef HAVE_STDINT_H
| # include <stdint.h>
| #endif
| #ifdef HAVE_UNISTD_H
| # include <unistd.h>
| #endif
| 	        enum { N = 8 / 2 - 1 };
| int
| main ()
| {
| static int test_array [1 - 2 * !((int8_t) (((((int8_t) 1 << N) << N) - 1) * 2 + 1)
| 		 < (int8_t) (((((int8_t) 1 << N) << N) - 1) * 2 + 2))];
| test_array [0] = 0;
| return test_array [0];
| 
|   ;
|   return 0;
| }
configure:4442: result: yes
configure:4453: checking for size_t
configure:4453: gcc -c -g -O2  conftest.c >&5
configure:4453: $? = 0
configure:4453: gcc -c -g -O2  conftest.c >&5
conftest.c:62:21: error: expected expression
if (sizeof ((size_t)))
                    ^
1 error generated.
configure:4453: $? = 1
configure: failed program was:
| /* confdefs.h */
| #define PACKAGE_NAME "nali-c"
| #define PACKAGE_TARNAME "nali-c"
| #define PACKAGE_VERSION "0.9.3"
| #define PACKAGE_STRING "nali-c 0.9.3"
| #define PACKAGE_BUGREPORT "wenlong.1423@gmail.com"
| #define PACKAGE_URL ""
| #define PACKAGE "nali-c"
| #define VERSION "0.9.3"
| #define HAVE_LIBICONV 1
| #define STDC_HEADERS 1
| #define HAVE_SYS_TYPES_H 1
| #define HAVE_SYS_STAT_H 1
| #define HAVE_STDLIB_H 1
| #define HAVE_STRING_H 1
| #define HAVE_MEMORY_H 1
| #define HAVE_STRINGS_H 1
| #define HAVE_INTTYPES_H 1
| #define HAVE_STDINT_H 1
| #define HAVE_UNISTD_H 1
| #define HAVE_INTTYPES_H 1
| #define HAVE_STDLIB_H 1
| #define HAVE_STRING_H 1
| #define HAVE_UNISTD_H 1
| /* end confdefs.h.  */
| #include <stdio.h>
| #ifdef HAVE_SYS_TYPES_H
| # include <sys/types.h>
| #endif
| #ifdef HAVE_SYS_STAT_H
| # include <sys/stat.h>
| #endif
| #ifdef STDC_HEADERS
| # include <stdlib.h>
| # include <stddef.h>
| #else
| # ifdef HAVE_STDLIB_H
| #  include <stdlib.h>
| # endif
| #endif
| #ifdef HAVE_STRING_H
| # if !defined STDC_HEADERS && defined HAVE_MEMORY_H
| #  include <memory.h>
| # endif
| # include <string.h>
| #endif
| #ifdef HAVE_STRINGS_H
| # include <strings.h>
| #endif
| #ifdef HAVE_INTTYPES_H
| # include <inttypes.h>
| #endif
| #ifdef HAVE_STDINT_H
| # include <stdint.h>
| #endif
| #ifdef HAVE_UNISTD_H
| # include <unistd.h>
| #endif
| int
| main ()
| {
| if (sizeof ((size_t)))
| 	    return 0;
|   ;
|   return 0;
| }
configure:4453: result: yes
configure:4464: checking for uint32_t
configure:4464: gcc -c -g -O2  conftest.c >&5
configure:4464: $? = 0
configure:4464: result: yes
configure:4478: checking for uint8_t
configure:4478: gcc -c -g -O2  conftest.c >&5
configure:4478: $? = 0
configure:4478: result: yes
configure:4496: checking for stdlib.h
configure:4496: result: yes
configure:4506: checking for GNU libc compatible malloc
configure:4530: gcc -o conftest -g -O2   conftest.c -liconv  >&5
configure:4530: $? = 0
configure:4530: ./conftest
configure:4530: $? = 0
configure:4540: result: yes
configure:4564: checking for memset
configure:4564: gcc -o conftest -g -O2   conftest.c -liconv  >&5
conftest.c:51:6: warning: incompatible redeclaration of library function 'memset' [-Wincompatible-library-redeclaration]
char memset ();
     ^
conftest.c:51:6: note: 'memset' is a builtin with type 'void *(void *, int, unsigned long)'
1 warning generated.
configure:4564: $? = 0
configure:4564: result: yes
configure:4564: checking for regcomp
configure:4564: gcc -o conftest -g -O2   conftest.c -liconv  >&5
configure:4564: $? = 0
configure:4564: result: yes
configure:4685: checking that generated files are newer than configure
configure:4691: result: done
configure:4714: creating ./config.status

## ---------------------- ##
## Running config.status. ##
## ---------------------- ##

This file was extended by nali-c config.status 0.9.3, which was
generated by GNU Autoconf 2.69.  Invocation command line was

  CONFIG_FILES    = 
  CONFIG_HEADERS  = 
  CONFIG_LINKS    = 
  CONFIG_COMMANDS = 
  $ ./config.status 

on elcapitan

config.status:862: creating Makefile
config.status:862: creating src/Makefile
config.status:862: creating config.h
config.status:1043: config.h is unchanged
config.status:1091: executing depfiles commands

## ---------------- ##
## Cache variables. ##
## ---------------- ##

ac_cv_c_compiler_gnu=yes
ac_cv_c_int8_t=yes
ac_cv_c_uint32_t=yes
ac_cv_c_uint8_t=yes
ac_cv_env_CC_set=
ac_cv_env_CC_value=
ac_cv_env_CFLAGS_set=
ac_cv_env_CFLAGS_value=
ac_cv_env_CPPFLAGS_set=
ac_cv_env_CPPFLAGS_value=
ac_cv_env_CPP_set=
ac_cv_env_CPP_value=
ac_cv_env_LDFLAGS_set=
ac_cv_env_LDFLAGS_value=
ac_cv_env_LIBS_set=
ac_cv_env_LIBS_value=
ac_cv_env_build_alias_set=
ac_cv_env_build_alias_value=
ac_cv_env_host_alias_set=
ac_cv_env_host_alias_value=
ac_cv_env_target_alias_set=
ac_cv_env_target_alias_value=
ac_cv_func_malloc_0_nonnull=yes
ac_cv_func_memset=yes
ac_cv_func_regcomp=yes
ac_cv_header_inttypes_h=yes
ac_cv_header_memory_h=yes
ac_cv_header_stdc=yes
ac_cv_header_stdint_h=yes
ac_cv_header_stdlib_h=yes
ac_cv_header_string_h=yes
ac_cv_header_strings_h=yes
ac_cv_header_sys_stat_h=yes
ac_cv_header_sys_types_h=yes
ac_cv_header_unistd_h=yes
ac_cv_lib_iconv_iconv=yes
ac_cv_objext=o
ac_cv_path_EGREP='/usr/local/bin/ggrep -E'
ac_cv_path_GREP=/usr/local/bin/ggrep
ac_cv_path_install='/usr/local/opt/coreutils/libexec/gnubin/install -c'
ac_cv_path_mkdir=/usr/local/opt/coreutils/libexec/gnubin/mkdir
ac_cv_prog_AWK=gawk
ac_cv_prog_CPP='gcc -E'
ac_cv_prog_ac_ct_CC=gcc
ac_cv_prog_cc_c89=
ac_cv_prog_cc_g=yes
ac_cv_prog_make_make_set=yes
ac_cv_type_size_t=yes
am_cv_CC_dependencies_compiler_type=gcc3
am_cv_make_support_nested_variables=yes
am_cv_prog_cc_c_o=yes

## ----------------- ##
## Output variables. ##
## ----------------- ##

ACLOCAL='${SHELL} /Users/wenlong/nali-c/missing aclocal-1.15'
AMDEPBACKSLASH='\'
AMDEP_FALSE='#'
AMDEP_TRUE=''
AMTAR='$${TAR-tar}'
AM_BACKSLASH='\'
AM_DEFAULT_V='$(AM_DEFAULT_VERBOSITY)'
AM_DEFAULT_VERBOSITY='1'
AM_V='$(V)'
AUTOCONF='${SHELL} /Users/wenlong/nali-c/missing autoconf'
AUTOHEADER='${SHELL} /Users/wenlong/nali-c/missing autoheader'
AUTOMAKE='${SHELL} /Users/wenlong/nali-c/missing automake-1.15'
AWK='gawk'
CC='gcc'
CCDEPMODE='depmode=gcc3'
CFLAGS='-g -O2'
CPP='gcc -E'
CPPFLAGS=''
CYGPATH_W='echo'
DEFS='-DHAVE_CONFIG_H'
DEPDIR='.deps'
ECHO_C='\c'
ECHO_N=''
ECHO_T=''
EGREP='/usr/local/bin/ggrep -E'
EXEEXT=''
GREP='/usr/local/bin/ggrep'
INSTALL_DATA='${INSTALL} -m 644'
INSTALL_PROGRAM='${INSTALL}'
INSTALL_SCRIPT='${INSTALL}'
INSTALL_STRIP_PROGRAM='$(install_sh) -c -s'
LDFLAGS=''
LIBOBJS=''
LIBS='-liconv '
LTLIBOBJS=''
MAKEINFO='${SHELL} /Users/wenlong/nali-c/missing makeinfo'
MKDIR_P='/usr/local/opt/coreutils/libexec/gnubin/mkdir -p'
OBJEXT='o'
PACKAGE='nali-c'
PACKAGE_BUGREPORT='wenlong.1423@gmail.com'
PACKAGE_NAME='nali-c'
PACKAGE_STRING='nali-c 0.9.3'
PACKAGE_TARNAME='nali-c'
PACKAGE_URL=''
PACKAGE_VERSION='0.9.3'
PATH_SEPARATOR=':'
SET_MAKE=''
SHELL='/bin/sh'
STRIP=''
VERSION='0.9.3'
ac_ct_CC='gcc'
am__EXEEXT_FALSE=''
am__EXEEXT_TRUE='#'
am__fastdepCC_FALSE='#'
am__fastdepCC_TRUE=''
am__include='include'
am__isrc=''
am__leading_dot='.'
am__nodep='_no'
am__quote=''
am__tar='$${TAR-tar} chof - "$$tardir"'
am__untar='$${TAR-tar} xf -'
bindir='${exec_prefix}/bin'
build_alias=''
datadir='${datarootdir}'
datarootdir='${prefix}/share'
docdir='${datarootdir}/doc/${PACKAGE_TARNAME}'
dvidir='${docdir}'
exec_prefix='${prefix}'
host_alias=''
htmldir='${docdir}'
includedir='${prefix}/include'
infodir='${datarootdir}/info'
install_sh='${SHELL} /Users/wenlong/nali-c/install-sh'
libdir='${exec_prefix}/lib'
libexecdir='${exec_prefix}/libexec'
localedir='${datarootdir}/locale'
localstatedir='${prefix}/var'
mandir='${datarootdir}/man'
mkdir_p='$(MKDIR_P)'
oldincludedir='/usr/include'
pdfdir='${docdir}'
prefix='/usr/local'
program_transform_name='s,x,x,'
psdir='${docdir}'
sbindir='${exec_prefix}/sbin'
sharedstatedir='${prefix}/com'
sysconfdir='${prefix}/etc'
target_alias=''

## ----------- ##
## confdefs.h. ##
## ----------- ##

/* confdefs.h */
#define PACKAGE_NAME "nali-c"
#define PACKAGE_TARNAME "nali-c"
#define PACKAGE_VERSION "0.9.3"
#define PACKAGE_STRING "nali-c 0.9.3"
#define PACKAGE_BUGREPORT "wenlong.1423@gmail.com"
#define PACKAGE_URL ""
#define PACKAGE "nali-c"
#define VERSION "0.9.3"
#define HAVE_LIBICONV 1
#define STDC_HEADERS 1
#define HAVE_SYS_TYPES_H 1
#define HAVE_SYS_STAT_H 1
#define HAVE_STDLIB_H 1
#define HAVE_STRING_H 1
#define HAVE_MEMORY_H 1
#define HAVE_STRINGS_H 1
#define HAVE_INTTYPES_H 1
#define HAVE_STDINT_H 1
#define HAVE_UNISTD_H 1
#define HAVE_INTTYPES_H 1
#define HAVE_STDLIB_H 1
#define HAVE_STRING_H 1
#define HAVE_UNISTD_H 1
#define HAVE_STDLIB_H 1
#define HAVE_MALLOC 1
#define HAVE_MEMSET 1
#define HAVE_REGCOMP 1

configure: exit 0
